

> @kongzijs/flf-flow@0.1.0 build /Volumes/ORICO/ws/prj/kongzijs/kongzijs/packages/flf-flow
> vite build

[36mvite v6.4.1 [32mbuilding for production...[36m[39m
[2K[1Gtransforming (1) [2msrc/index.ts[22m[2K[1G[2K[1G[2K[1G[2K[1G[2K[1G[32m✓[39m 18 modules transformed.
[2K[1Grendering chunks (1)...[2K[1G[32m
[36m[vite:dts][32m Start generate declaration files...[39m
[96msrc/CustomNodes.tsx[0m:[93m20[0m:[93m9[0m - [91merror[0m[90m TS6133: [0m'minProgress' is declared but its value is never read.

[7m20[0m   const minProgress = ((data.rules as any)?.min_prog || 1) * 100;
[7m  [0m [91m        ~~~~~~~~~~~[0m
[96msrc/CustomNodes.tsx[0m:[93m98[0m:[93m9[0m - [91merror[0m[90m TS6133: [0m'hasAsset' is declared but its value is never read.

[7m98[0m   const hasAsset = assetId !== "None";
[7m  [0m [91m        ~~~~~~~~[0m
[96msrc/LessonBuilder.tsx[0m:[93m13[0m:[93m5[0m - [91merror[0m[90m TS6133: [0m'Panel' is declared but its value is never read.

[7m13[0m     Panel,
[7m  [0m [91m    ~~~~~[0m
[96msrc/LessonBuilder.tsx[0m:[93m31[0m:[93m5[0m - [91merror[0m[90m TS6133: [0m'X' is declared but its value is never read.

[7m31[0m     X,
[7m  [0m [91m    ~[0m
[96msrc/LessonBuilder.tsx[0m:[93m33[0m:[93m5[0m - [91merror[0m[90m TS6133: [0m'FileText' is declared but its value is never read.

[7m33[0m     FileText,
[7m  [0m [91m    ~~~~~~~~[0m
[96msrc/LessonBuilder.tsx[0m:[93m139[0m:[93m26[0m - [91merror[0m[90m TS2339: [0mProperty 'lesson_title' does not exist on type 'FLFManifest'.

[7m139[0m         initialManifest?.lesson_title || "",
[7m   [0m [91m                         ~~~~~~~~~~~~[0m
[96msrc/LessonBuilder.tsx[0m:[93m142[0m:[93m26[0m - [91merror[0m[90m TS2339: [0mProperty 'lesson_description' does not exist on type 'FLFManifest'.

[7m142[0m         initialManifest?.lesson_description || "",
[7m   [0m [91m                         ~~~~~~~~~~~~~~~~~~[0m
[96msrc/LessonBuilder.tsx[0m:[93m338[0m:[93m17[0m - [91merror[0m[90m TS2554: [0mExpected 5 arguments, but got 7.

[7m338[0m                 lessonTitle || undefined,
[7m   [0m [91m                ~~~~~~~~~~~~~~~~~~~~~~~~~[0m
[7m339[0m                 lessonDescription || undefined,
[7m   [0m [91m~~~~~~~~~~~~~~~~~~~~~~~~~~~~~~~~~~~~~~~~~~~~~~[0m

[2K[1Gcomputing gzip size (0)...[2K[1Gcomputing gzip size (1)...[2K[1Gcomputing gzip size (2)...[2K[1G[2mdist/[22m[35mflf-flow.css  [39m[1m[2m41.41 kB[22m[1m[22m[2m │ gzip:  6.72 kB[22m
[2mdist/[22m[36mindex.mjs     [39m[1m[2m66.40 kB[22m[1m[22m[2m │ gzip: 14.83 kB[22m[2m │ map: 164.26 kB[22m
[32m[36m[vite:dts][32m Declaration files built in 1599ms.
[39m
[2K[1Grendering chunks (1)...[2K[1G[2K[1Gcomputing gzip size (1)...[2K[1Gcomputing gzip size (2)...[2K[1G[2mdist/[22m[35mflf-flow.css  [39m[1m[2m41.41 kB[22m[1m[22m[2m │ gzip:  6.72 kB[22m
[2mdist/[22m[36mindex.cjs     [39m[1m[2m39.22 kB[22m[1m[22m[2m │ gzip: 11.95 kB[22m[2m │ map: 156.46 kB[22m
[32m✓ built in 1.76s[39m
