

> @kongzijs/flf-builder@0.1.0 build /Volumes/ORICO/ws/prj/kongzijs/kongzijs/packages/flf-builder
> vite build

[36mvite v6.4.1 [32mbuilding for production...[36m[39m
[2K[1Gtransforming (1) [2msrc/index.ts[22m[2K[1G[2K[1G[2K[1G[32m✓[39m 17 modules transformed.
[2K[1Grendering chunks (1)...[2K[1G[32m
[36m[vite:dts][32m Start generate declaration files...[39m
[96msrc/components/ChapterHeader.tsx[0m:[93m1[0m:[93m1[0m - [91merror[0m[90m TS6133: [0m'React' is declared but its value is never read.

[7m1[0m import React from "react";
[7m [0m [91m~~~~~~~~~~~~~~~~~~~~~~~~~~[0m
[96msrc/components/MainContentEditor.tsx[0m:[93m1[0m:[93m8[0m - [91merror[0m[90m TS6133: [0m'React' is declared but its value is never read.

[7m1[0m import React, { useRef, useEffect } from "react";
[7m [0m [91m       ~~~~~[0m
[96msrc/components/PerformanceRules.tsx[0m:[93m1[0m:[93m1[0m - [91merror[0m[90m TS6133: [0m'React' is declared but its value is never read.

[7m1[0m import React from "react";
[7m [0m [91m~~~~~~~~~~~~~~~~~~~~~~~~~~[0m
[96msrc/components/SidebarItem.tsx[0m:[93m1[0m:[93m1[0m - [91merror[0m[90m TS6133: [0m'React' is declared but its value is never read.

[7m1[0m import React from "react";
[7m [0m [91m~~~~~~~~~~~~~~~~~~~~~~~~~~[0m
[96msrc/LessonBuilder.tsx[0m:[93m3[0m:[93m8[0m - [91merror[0m[90m TS6133: [0m'React' is declared but its value is never read.

[7m3[0m import React, { useState, useCallback, useMemo, useRef } from "react";
[7m [0m [91m       ~~~~~[0m

[2K[1Gcomputing gzip size (0)...[2K[1Gcomputing gzip size (1)...[2K[1Gcomputing gzip size (2)...[2K[1G[2mdist/[22m[35mflf-builder.css  [39m[1m[2m34.91 kB[22m[1m[22m[2m │ gzip:  5.36 kB[22m
[2mdist/[22m[36mindex.mjs        [39m[1m[2m52.79 kB[22m[1m[22m[2m │ gzip: 12.17 kB[22m[2m │ map: 142.55 kB[22m
[32m[36m[vite:dts][32m Declaration files built in 1406ms.
[39m
[2K[1Grendering chunks (1)...[2K[1G[2K[1Gcomputing gzip size (1)...[2K[1Gcomputing gzip size (2)...[2K[1G[2mdist/[22m[35mflf-builder.css  [39m[1m[2m34.91 kB[22m[1m[22m[2m │ gzip: 5.36 kB[22m
[2mdist/[22m[36mindex.cjs        [39m[1m[2m31.74 kB[22m[1m[22m[2m │ gzip: 9.86 kB[22m[2m │ map: 136.43 kB[22m
[32m✓ built in 1.59s[39m
